<?xml version="1.0" encoding="UTF-8"?>
<testng-results skipped="4" failed="0" total="6" passed="2">
  <reporter-output>
  </reporter-output>
  <suite name="Tests" duration-ms="50716" started-at="2016-04-10T22:13:08Z" finished-at="2016-04-10T22:13:58Z">
    <groups>
    </groups>
    <test name="Test1" duration-ms="50716" started-at="2016-04-10T22:13:08Z" finished-at="2016-04-10T22:13:58Z">
      <class name="selenium_java_training_PO.DeleteMoviePO">
        <test-method status="PASS" signature="init()[pri:0, instance:selenium_java_training_PO.DeleteMoviePO@22f71333]" name="init" is-config="true" duration-ms="10953" started-at="2016-04-11T01:13:08Z" finished-at="2016-04-11T01:13:19Z">
          <reporter-output>
          </reporter-output>
        </test-method> <!-- init -->
        <test-method status="PASS" signature="testCancelDeleteMovie()[pri:0, instance:selenium_java_training_PO.DeleteMoviePO@22f71333]" name="testCancelDeleteMovie" duration-ms="14037" started-at="2016-04-11T01:13:19Z" finished-at="2016-04-11T01:13:33Z">
          <reporter-output>
          </reporter-output>
        </test-method> <!-- testCancelDeleteMovie -->
        <test-method status="PASS" signature="testDeleteMovie()[pri:0, instance:selenium_java_training_PO.DeleteMoviePO@22f71333]" name="testDeleteMovie" duration-ms="14981" started-at="2016-04-11T01:13:33Z" finished-at="2016-04-11T01:13:48Z">
          <reporter-output>
          </reporter-output>
        </test-method> <!-- testDeleteMovie -->
      </class> <!-- selenium_java_training_PO.DeleteMoviePO -->
      <class name="selenium_java_training_PO.SearchPO">
        <test-method status="FAIL" signature="init()[pri:0, instance:selenium_java_training_PO.SearchPO@2d6e8792]" name="init" is-config="true" duration-ms="0" started-at="2016-04-11T01:13:48Z" finished-at="2016-04-11T01:13:48Z">
          <exception class="org.openqa.selenium.TimeoutException">
            <message>
              <![CDATA[Timed out after 10 seconds waiting for presence of element located by: By.id: loginform
Build info: version: '2.52.0', revision: '4c2593cfc3689a7fcd7be52549167e5ccc93ad28', time: '2016-02-11 11:22:43'
System info: host: 'yulia', ip: '192.168.0.102', os.name: 'Windows 7', os.arch: 'amd64', os.version: '6.1', java.version: '1.8.0_73'
Driver info: org.openqa.selenium.firefox.FirefoxDriver
Capabilities [{applicationCacheEnabled=true, rotatable=false, handlesAlerts=true, databaseEnabled=true, version=45.0, platform=WINDOWS, nativeEvents=false, acceptSslCerts=true, webStorageEnabled=true, locationContextEnabled=true, browserName=firefox, takesScreenshot=true, javascriptEnabled=true, cssSelectorsEnabled=true}]
Session ID: faee6ce8-4051-424b-8d23-60d65aaa2a93]]>
            </message>
            <full-stacktrace>
              <![CDATA[org.openqa.selenium.TimeoutException: Timed out after 10 seconds waiting for presence of element located by: By.id: loginform
Build info: version: '2.52.0', revision: '4c2593cfc3689a7fcd7be52549167e5ccc93ad28', time: '2016-02-11 11:22:43'
System info: host: 'yulia', ip: '192.168.0.102', os.name: 'Windows 7', os.arch: 'amd64', os.version: '6.1', java.version: '1.8.0_73'
Driver info: org.openqa.selenium.firefox.FirefoxDriver
Capabilities [{applicationCacheEnabled=true, rotatable=false, handlesAlerts=true, databaseEnabled=true, version=45.0, platform=WINDOWS, nativeEvents=false, acceptSslCerts=true, webStorageEnabled=true, locationContextEnabled=true, browserName=firefox, takesScreenshot=true, javascriptEnabled=true, cssSelectorsEnabled=true}]
Session ID: faee6ce8-4051-424b-8d23-60d65aaa2a93
	at org.openqa.selenium.support.ui.WebDriverWait.timeoutException(WebDriverWait.java:80)
	at org.openqa.selenium.support.ui.FluentWait.until(FluentWait.java:261)
	at selenium_java_training.pages.LoginPage.ensurePageLoaded(LoginPage.java:40)
	at selenium_java_training.applogic.ApplicationManager.login(ApplicationManager.java:59)
	at selenium_java_training.applogic.ApplicationManager.setUp(ApplicationManager.java:48)
	at selenium_java_training_PO.TestBase.init(TestBase.java:17)
	at sun.reflect.NativeMethodAccessorImpl.invoke0(Native Method)
	at sun.reflect.NativeMethodAccessorImpl.invoke(NativeMethodAccessorImpl.java:62)
	at sun.reflect.DelegatingMethodAccessorImpl.invoke(DelegatingMethodAccessorImpl.java:43)
	at java.lang.reflect.Method.invoke(Method.java:497)
	at org.testng.internal.MethodInvocationHelper.invokeMethod(MethodInvocationHelper.java:85)
	at org.testng.internal.Invoker.invokeConfigurationMethod(Invoker.java:517)
	at org.testng.internal.Invoker.invokeConfigurations(Invoker.java:213)
	at org.testng.internal.Invoker.invokeConfigurations(Invoker.java:140)
	at org.testng.internal.TestMethodWorker.invokeBeforeClassMethods(TestMethodWorker.java:170)
	at org.testng.internal.TestMethodWorker.run(TestMethodWorker.java:104)
	at org.testng.TestRunner.privateRun(TestRunner.java:771)
	at org.testng.TestRunner.run(TestRunner.java:621)
	at org.testng.SuiteRunner.runTest(SuiteRunner.java:357)
	at org.testng.SuiteRunner.runSequentially(SuiteRunner.java:352)
	at org.testng.SuiteRunner.privateRun(SuiteRunner.java:310)
	at org.testng.SuiteRunner.run(SuiteRunner.java:259)
	at org.testng.SuiteRunnerWorker.runSuite(SuiteRunnerWorker.java:52)
	at org.testng.SuiteRunnerWorker.run(SuiteRunnerWorker.java:86)
	at org.testng.TestNG.runSuitesSequentially(TestNG.java:1199)
	at org.testng.TestNG.runSuitesLocally(TestNG.java:1124)
	at org.testng.TestNG.run(TestNG.java:1032)
	at org.apache.maven.surefire.testng.TestNGExecutor.run(TestNGExecutor.java:217)
	at org.apache.maven.surefire.testng.TestNGXmlTestSuite.execute(TestNGXmlTestSuite.java:84)
	at org.apache.maven.surefire.testng.TestNGProvider.invoke(TestNGProvider.java:92)
	at org.apache.maven.surefire.booter.ForkedBooter.invokeProviderInSameClassLoader(ForkedBooter.java:200)
	at org.apache.maven.surefire.booter.ForkedBooter.runSuitesInProcess(ForkedBooter.java:153)
	at org.apache.maven.surefire.booter.ForkedBooter.main(ForkedBooter.java:103)
Caused by: org.openqa.selenium.NoSuchElementException: Unable to locate element: {"method":"id","selector":"loginform"}
Command duration or timeout: 29 milliseconds
For documentation on this error, please visit: http://seleniumhq.org/exceptions/no_such_element.html
Build info: version: '2.52.0', revision: '4c2593cfc3689a7fcd7be52549167e5ccc93ad28', time: '2016-02-11 11:22:43'
System info: host: 'yulia', ip: '192.168.0.102', os.name: 'Windows 7', os.arch: 'amd64', os.version: '6.1', java.version: '1.8.0_73'
Driver info: org.openqa.selenium.firefox.FirefoxDriver
Capabilities [{applicationCacheEnabled=true, rotatable=false, handlesAlerts=true, databaseEnabled=true, version=45.0, platform=WINDOWS, nativeEvents=false, acceptSslCerts=true, webStorageEnabled=true, locationContextEnabled=true, browserName=firefox, takesScreenshot=true, javascriptEnabled=true, cssSelectorsEnabled=true}]
Session ID: faee6ce8-4051-424b-8d23-60d65aaa2a93
*** Element info: {Using=id, value=loginform}
	at sun.reflect.GeneratedConstructorAccessor12.newInstance(Unknown Source)
	at sun.reflect.DelegatingConstructorAccessorImpl.newInstance(DelegatingConstructorAccessorImpl.java:45)
	at java.lang.reflect.Constructor.newInstance(Constructor.java:422)
	at org.openqa.selenium.remote.ErrorHandler.createThrowable(ErrorHandler.java:206)
	at org.openqa.selenium.remote.ErrorHandler.throwIfResponseFailed(ErrorHandler.java:158)
	at org.openqa.selenium.remote.RemoteWebDriver.execute(RemoteWebDriver.java:678)
	at org.openqa.selenium.remote.RemoteWebDriver.findElement(RemoteWebDriver.java:363)
	at org.openqa.selenium.remote.RemoteWebDriver.findElementById(RemoteWebDriver.java:413)
	at org.openqa.selenium.By$ById.findElement(By.java:218)
	at org.openqa.selenium.remote.RemoteWebDriver.findElement(RemoteWebDriver.java:355)
	at org.openqa.selenium.support.ui.ExpectedConditions.findElement(ExpectedConditions.java:911)
	at org.openqa.selenium.support.ui.ExpectedConditions.access$000(ExpectedConditions.java:41)
	at org.openqa.selenium.support.ui.ExpectedConditions$6.apply(ExpectedConditions.java:181)
	at org.openqa.selenium.support.ui.ExpectedConditions$6.apply(ExpectedConditions.java:178)
	at org.openqa.selenium.support.ui.FluentWait.until(FluentWait.java:238)
	... 31 more
Caused by: org.openqa.selenium.NoSuchElementException: Unable to locate element: {"method":"id","selector":"loginform"}
For documentation on this error, please visit: http://seleniumhq.org/exceptions/no_such_element.html
Build info: version: '2.52.0', revision: '4c2593cfc3689a7fcd7be52549167e5ccc93ad28', time: '2016-02-11 11:22:43'
System info: host: 'yulia', ip: '192.168.0.102', os.name: 'Windows 7', os.arch: 'amd64', os.version: '6.1', java.version: '1.8.0_73'
Driver info: driver.version: unknown
	at <anonymous class>.FirefoxDriver.prototype.findElementInternal_(file:///C:/Users/Yulia/AppData/Local/Temp/anonymous8601802678159219315webdriver-profile/extensions/fxdriver@googlecode.com/components/driver-component.js:10723)
	at <anonymous class>.FirefoxDriver.prototype.findElement(file:///C:/Users/Yulia/AppData/Local/Temp/anonymous8601802678159219315webdriver-profile/extensions/fxdriver@googlecode.com/components/driver-component.js:10732)
	at <anonymous class>.DelayedCommand.prototype.executeInternal_/h(file:///C:/Users/Yulia/AppData/Local/Temp/anonymous8601802678159219315webdriver-profile/extensions/fxdriver@googlecode.com/components/command-processor.js:12614)
	at <anonymous class>.DelayedCommand.prototype.executeInternal_(file:///C:/Users/Yulia/AppData/Local/Temp/anonymous8601802678159219315webdriver-profile/extensions/fxdriver@googlecode.com/components/command-processor.js:12619)
	at <anonymous class>.DelayedCommand.prototype.execute/<(file:///C:/Users/Yulia/AppData/Local/Temp/anonymous8601802678159219315webdriver-profile/extensions/fxdriver@googlecode.com/components/command-processor.js:12561)
]]>
            </full-stacktrace>
          </exception> <!-- org.openqa.selenium.TimeoutException -->
          <reporter-output>
          </reporter-output>
        </test-method> <!-- init -->
        <test-method status="SKIP" signature="testNegativeSearch()[pri:0, instance:selenium_java_training_PO.SearchPO@2d6e8792]" name="testNegativeSearch" duration-ms="3" started-at="2016-04-11T01:13:58Z" finished-at="2016-04-11T01:13:58Z">
          <reporter-output>
          </reporter-output>
        </test-method> <!-- testNegativeSearch -->
        <test-method status="SKIP" signature="testPositiveSearch()[pri:0, instance:selenium_java_training_PO.SearchPO@2d6e8792]" name="testPositiveSearch" duration-ms="0" started-at="2016-04-11T01:13:58Z" finished-at="2016-04-11T01:13:58Z">
          <reporter-output>
          </reporter-output>
        </test-method> <!-- testPositiveSearch -->
        <test-method status="PASS" signature="tearDown()[pri:0, instance:selenium_java_training_PO.SearchPO@2d6e8792]" name="tearDown" is-config="true" duration-ms="624" started-at="2016-04-11T01:13:58Z" finished-at="2016-04-11T01:13:59Z">
          <reporter-output>
          </reporter-output>
        </test-method> <!-- tearDown -->
      </class> <!-- selenium_java_training_PO.SearchPO -->
      <class name="selenium_java_training_PO.NewMoviePO">
        <test-method status="SKIP" signature="init()[pri:0, instance:selenium_java_training_PO.NewMoviePO@6cd8737]" name="init" is-config="true" duration-ms="0" started-at="2016-04-11T01:13:58Z" finished-at="2016-04-11T01:13:58Z">
          <reporter-output>
          </reporter-output>
        </test-method> <!-- init -->
        <test-method status="SKIP" signature="testNegativeAdd()[pri:0, instance:selenium_java_training_PO.NewMoviePO@6cd8737]" name="testNegativeAdd" duration-ms="0" started-at="2016-04-11T01:13:58Z" finished-at="2016-04-11T01:13:58Z">
          <reporter-output>
          </reporter-output>
        </test-method> <!-- testNegativeAdd -->
        <test-method status="SKIP" signature="testNewMovie()[pri:0, instance:selenium_java_training_PO.NewMoviePO@6cd8737]" name="testNewMovie" duration-ms="1" started-at="2016-04-11T01:13:58Z" finished-at="2016-04-11T01:13:58Z">
          <reporter-output>
          </reporter-output>
        </test-method> <!-- testNewMovie -->
      </class> <!-- selenium_java_training_PO.NewMoviePO -->
    </test> <!-- Test1 -->
  </suite> <!-- Tests -->
</testng-results>
